#-----------------------------------------------------------
# Vivado v2017.4 (64-bit)
# SW Build 2086221 on Fri Dec 15 20:55:39 MST 2017
# IP Build 2085800 on Fri Dec 15 22:25:07 MST 2017
# Start of session at: Tue Jan 13 10:49:59 2026
# Process ID: 8124
# Current directory: E:/project_3
# Command line: vivado.exe -gui_launcher_event rodinguilauncherevent15760 E:\project_3\project_3.xpr
# Log file: E:/project_3/vivado.log
# Journal file: E:/project_3\vivado.jou
#-----------------------------------------------------------
start_gui
open_project E:/project_3/project_3.xpr
Scanning sources...
Finished scanning sources
INFO: [IP_Flow 19-234] Refreshing IP repositories
INFO: [IP_Flow 19-1704] No user IP repositories specified
INFO: [IP_Flow 19-2313] Loaded Vivado IP repository 'D:/Xilinx_Vivado_SDK_2017.4_1216_1/Vivado/2017.4/data/ip'.
open_project: Time (s): cpu = 00:00:20 ; elapsed = 00:00:26 . Memory (MB): peak = 752.566 ; gain = 72.629
update_compile_order -fileset sources_1
exit
INFO: [Common 17-206] Exiting Vivado at Tue Jan 13 10:51:27 2026...
